Arguments: 
  /home/jjester/.nvm/versions/node/v18.16.0/bin/node /home/jjester/.yarn/bin/yarn.js add @types/bitburner

PATH: 
  /home/jjester/.local/share/pnpm:/home/jjester/.yarn/bin:/home/jjester/.config/yarn/global/node_modules/.bin:/home/jjester/.deno/bin:~/.bin:/home/jjester/.yarn/bin:/home/jjester/.local/bin:/c/Program Files/Oracle/VirtualBox:/home/jjester/.vscode-server/bin/f1b07bd25dfad64b0167beb15359ae573aecd2cc/bin/remote-cli:/home/jjester/.local/bin:/home/jjester/.local/share/pnpm:/home/jjester/.cargo/bin:/home/jjester/.yarn/bin:/home/jjester/.config/yarn/global/node_modules/.bin:/home/jjester/.deno/bin:/home/jjester/.nvm/versions/node/v18.16.0/bin:~/.bin:/home/jjester/.yarn/bin:/home/jjester/.local/bin:/c/Program Files/Oracle/VirtualBox:/usr/local/sbin:/usr/local/bin:/usr/sbin:/usr/bin:/sbin:/bin:/usr/games:/usr/local/games:/usr/lib/wsl/lib:/c/WINDOWS/system32:/c/WINDOWS:/c/WINDOWS/System32/Wbem:/c/WINDOWS/System32/WindowsPowerShell/v1.0/:/c/WINDOWS/System32/OpenSSH/:/c/Program Files/dotnet/:/c/Program Files/Amazon/AWSCLI/bin/:/c/Program Files (x86)/Common Files/Acronis/VirtualFile/:/c/Program Files (x86)/Common Files/Acronis/VirtualFile64/:/c/Program Files (x86)/Common Files/Acronis/FileProtector/:/c/Program Files (x86)/Common Files/Acronis/FileProtector64/:/c/Program Files (x86)/Common Files/Acronis/SnapAPI/:/c/Program Files (x86)/GitExtensions/:/c/Program Files/Microsoft SQL Server/130/Tools/Binn/:/c/Program Files/Microsoft SQL Server/Client SDK/ODBC/170/Tools/Binn/:/c/ProgramData/chocolatey/bin:/c/Program Files/nodejs/:/c/Program Files/Amazon/AWSCLIV2/:/c/Program Files (x86)/NVIDIA Corporation/PhysX/Common:/c/Program Files/Microsoft SQL Server/150/Tools/Binn/:/c/Program Files/PuTTY/:/c/Program Files (x86)/dotnet/:/c/WINDOWS/system32:/c/WINDOWS:/c/WINDOWS/System32/Wbem:/c/WINDOWS/System32/WindowsPowerShell/v1.0/:/c/WINDOWS/System32/OpenSSH/:/c/Program Files/Git/cmd:/c/Program Files/Git/mingw64/bin:/c/Program Files/Git/usr/bin:/c/Program Files/TortoiseGit/bin:/c/Users/Jake/AppData/Local/Microsoft/WindowsApps:/c/Users/Jake/AppData/Local/Programs/Microsoft VS Code/bin:/c/Users/Jake/AppData/Local/Programs/Microsoft VS Code Insiders/bin:/c/Program Files/AutoHotkey:/c/Users/Jake/AppData/Roaming/npm:/c/Users/Jake/.dotnet/tools:/snap/bin:/home/jjester/.dotnet/tools:/home/jjester/go/src/github.com/docker/docker-credential-helpers/bin:/home/jjester/go/bin:/home/jjester/.monarch-cli/bin:/home/jjester/.spaces-cli/bin:/home/jjester/go/src/github.com/docker/docker-credential-helpers/bin:/home/jjester/go/bin:/home/jjester/.monarch-cli/bin:/home/jjester/.spaces-cli/bin

Yarn version: 
  1.22.19

Node version: 
  18.16.0

Platform: 
  linux x64

Trace: 
  Error: https://registry.npmjs.org/@types%2fbitburner: Not found
      at params.callback [as _callback] (/home/jjester/.yarn/lib/cli.js:66145:18)
      at self.callback (/home/jjester/.yarn/lib/cli.js:140890:22)
      at Request.emit (node:events:513:28)
      at Request.<anonymous> (/home/jjester/.yarn/lib/cli.js:141862:10)
      at Request.emit (node:events:513:28)
      at IncomingMessage.<anonymous> (/home/jjester/.yarn/lib/cli.js:141784:12)
      at Object.onceWrapper (node:events:627:28)
      at IncomingMessage.emit (node:events:525:35)
      at endReadableNT (node:internal/streams/readable:1359:12)
      at process.processTicksAndRejections (node:internal/process/task_queues:82:21)

npm manifest: 
  {
    "name": "bitburner-scripts",
    "version": "1.0.0",
    "main": "index.js",
    "license": "MIT"
  }

yarn manifest: 
  No manifest

Lockfile: 
  No lockfile
